<?xml version="1.0" encoding="UTF-8"?>
<testng-results ignored="0" total="2" passed="2" failed="0" skipped="0">
  <reporter-output>
  </reporter-output>
  <suite started-at="2021-09-20T10:19:44 IST" name="Default suite" finished-at="2021-09-20T10:20:03 IST" duration-ms="19001">
    <groups>
    </groups>
    <test started-at="2021-09-20T10:19:44 IST" name="Default test" finished-at="2021-09-20T10:20:03 IST" duration-ms="19001">
      <class name="com.orangehrm.tests.OrangeHRMSmoke">
        <test-method is-config="true" signature="beforeSuite()[pri:0, instance:com.orangehrm.tests.OrangeHRMSmoke@27462a88]" started-at="2021-09-20T10:19:37 IST" name="beforeSuite" finished-at="2021-09-20T10:19:44 IST" duration-ms="7042" status="PASS">
          <reporter-output>
          </reporter-output>
        </test-method> <!-- beforeSuite -->
        <test-method is-config="true" signature="beforeTest()[pri:0, instance:com.orangehrm.tests.OrangeHRMSmoke@27462a88]" started-at="2021-09-20T10:19:44 IST" name="beforeTest" finished-at="2021-09-20T10:19:56 IST" duration-ms="12361" status="PASS">
          <reporter-output>
          </reporter-output>
        </test-method> <!-- beforeTest -->
        <test-method is-config="true" signature="beforeClass()[pri:0, instance:com.orangehrm.tests.OrangeHRMSmoke@27462a88]" started-at="2021-09-20T10:19:56 IST" name="beforeClass" finished-at="2021-09-20T10:19:56 IST" duration-ms="0" status="PASS">
          <reporter-output>
          </reporter-output>
        </test-method> <!-- beforeClass -->
        <test-method is-config="true" signature="beforeMethod()[pri:0, instance:com.orangehrm.tests.OrangeHRMSmoke@27462a88]" started-at="2021-09-20T10:19:56 IST" name="beforeMethod" finished-at="2021-09-20T10:19:56 IST" duration-ms="1" status="PASS">
          <reporter-output>
          </reporter-output>
        </test-method> <!-- beforeMethod -->
        <test-method signature="TC001(java.lang.Integer,java.lang.String)[pri:0, instance:com.orangehrm.tests.OrangeHRMSmoke@27462a88]" started-at="2021-09-20T10:19:56 IST" name="TC001" data-provider="datadriven" finished-at="2021-09-20T10:20:00 IST" duration-ms="3900" status="PASS">
          <params>
            <param index="0">
              <value>
                <![CDATA[1]]>
              </value>
            </param>
            <param index="1">
              <value>
                <![CDATA[John Smith]]>
              </value>
            </param>
          </params>
          <reporter-output>
          </reporter-output>
        </test-method> <!-- TC001 -->
        <test-method is-config="true" signature="afterMethod()[pri:0, instance:com.orangehrm.tests.OrangeHRMSmoke@27462a88]" started-at="2021-09-20T10:20:00 IST" name="afterMethod" finished-at="2021-09-20T10:20:00 IST" duration-ms="1" status="PASS">
          <reporter-output>
          </reporter-output>
        </test-method> <!-- afterMethod -->
        <test-method signature="TC001(java.lang.Integer,java.lang.String)[pri:0, instance:com.orangehrm.tests.OrangeHRMSmoke@27462a88]" started-at="2021-09-20T10:20:00 IST" name="TC001" data-provider="datadriven" finished-at="2021-09-20T10:20:03 IST" duration-ms="2682" status="PASS">
          <params>
            <param index="0">
              <value>
                <![CDATA[2]]>
              </value>
            </param>
            <param index="1">
              <value>
                <![CDATA[Joe Root]]>
              </value>
            </param>
          </params>
          <reporter-output>
          </reporter-output>
        </test-method> <!-- TC001 -->
        <test-method is-config="true" signature="beforeMethod()[pri:0, instance:com.orangehrm.tests.OrangeHRMSmoke@27462a88]" started-at="2021-09-20T10:20:00 IST" name="beforeMethod" finished-at="2021-09-20T10:20:00 IST" duration-ms="0" status="PASS">
          <reporter-output>
          </reporter-output>
        </test-method> <!-- beforeMethod -->
        <test-method is-config="true" signature="afterMethod()[pri:0, instance:com.orangehrm.tests.OrangeHRMSmoke@27462a88]" started-at="2021-09-20T10:20:03 IST" name="afterMethod" finished-at="2021-09-20T10:20:03 IST" duration-ms="0" status="PASS">
          <reporter-output>
          </reporter-output>
        </test-method> <!-- afterMethod -->
        <test-method is-config="true" signature="afterClass()[pri:0, instance:com.orangehrm.tests.OrangeHRMSmoke@27462a88]" started-at="2021-09-20T10:20:03 IST" name="afterClass" finished-at="2021-09-20T10:20:03 IST" duration-ms="1" status="PASS">
          <reporter-output>
          </reporter-output>
        </test-method> <!-- afterClass -->
        <test-method is-config="true" signature="afterTest()[pri:0, instance:com.orangehrm.tests.OrangeHRMSmoke@27462a88]" started-at="2021-09-20T10:20:03 IST" name="afterTest" finished-at="2021-09-20T10:20:03 IST" duration-ms="1" status="PASS">
          <reporter-output>
          </reporter-output>
        </test-method> <!-- afterTest -->
        <test-method is-config="true" signature="afterSuite()[pri:0, instance:com.orangehrm.tests.OrangeHRMSmoke@27462a88]" started-at="2021-09-20T10:20:03 IST" name="afterSuite" finished-at="2021-09-20T10:20:04 IST" duration-ms="751" status="PASS">
          <reporter-output>
          </reporter-output>
        </test-method> <!-- afterSuite -->
      </class> <!-- com.orangehrm.tests.OrangeHRMSmoke -->
    </test> <!-- Default test -->
  </suite> <!-- Default suite -->
</testng-results>
